<?xml version="1.0" encoding="UTF-8"?>
<!-- Generated by org.testng.reporters.JUnitXMLReporter -->
<testsuite ignored="1" hostname="TLBLRT10358L" failures="0" tests="2" name="Car Loan" time="0.003" errors="0" timestamp="2023-05-05T11:55:25 IST">
  <testcase classname="Test.day3" name="APILoginCarloan" time="0.001"/>
  <testcase classname="Test.day3" name="LoginCarLoan" time="0.0"/>
  <testcase classname="Test.day3" name="MobileLoginCarloan" time="0.0">
    <ignored/>
  </testcase> <!-- MobileLoginCarloan -->
</testsuite> <!-- Car Loan -->
