<?xml version="1.0" encoding="UTF-8"?>
<!-- Generated by org.testng.reporters.JUnitXMLReporter -->
<testsuite ignored="1" hostname="TLBLRT10358L" failures="0" tests="5" name="Personal Loan" time="0.04" errors="0" timestamp="2023-05-05T11:55:25 IST">
  <testcase classname="Test.day2" name="demo3" time="0.008"/>
  <testcase classname="Test.day" name="demo2" time="0.001"/>
  <testcase classname="Test.day4" name="APILoginHomeloan" time="0.001"/>
  <testcase classname="Test.day4" name="LoginHomeLoan" time="0.0"/>
  <testcase classname="Test.day4" name="MobileLoginHomeloan" time="0.001"/>
  <testcase classname="Test.day" name="demo" time="0.0">
    <ignored/>
  </testcase> <!-- demo -->
</testsuite> <!-- Personal Loan -->
