<?xml version="1.0" encoding="UTF-8"?>
<testng-results ignored="2" total="9" passed="7" failed="0" skipped="0">
  <reporter-output>
  </reporter-output>
  <suite started-at="2023-05-05T11:55:25 IST" name="Loan" finished-at="2023-05-05T11:55:25 IST" duration-ms="107">
    <groups>
    </groups>
    <test started-at="2023-05-05T11:55:25 IST" name="Personal Loan" finished-at="2023-05-05T11:55:25 IST" duration-ms="40">
      <class name="Test.day2">
        <test-method signature="demo3()[pri:0, instance:Test.day2@55b53d44]" started-at="2023-05-05T11:55:25 IST" name="demo3" finished-at="2023-05-05T11:55:25 IST" duration-ms="8" status="PASS">
          <reporter-output>
          </reporter-output>
        </test-method> <!-- demo3 -->
      </class> <!-- Test.day2 -->
      <class name="Test.day4">
        <test-method signature="APILoginHomeloan()[pri:0, instance:Test.day4@61386958]" started-at="2023-05-05T11:55:25 IST" name="APILoginHomeloan" finished-at="2023-05-05T11:55:25 IST" duration-ms="1" status="PASS">
          <reporter-output>
          </reporter-output>
        </test-method> <!-- APILoginHomeloan -->
        <test-method signature="LoginHomeLoan()[pri:0, instance:Test.day4@61386958]" started-at="2023-05-05T11:55:25 IST" name="LoginHomeLoan" finished-at="2023-05-05T11:55:25 IST" duration-ms="0" status="PASS">
          <reporter-output>
          </reporter-output>
        </test-method> <!-- LoginHomeLoan -->
        <test-method signature="MobileLoginHomeloan()[pri:0, instance:Test.day4@61386958]" started-at="2023-05-05T11:55:25 IST" name="MobileLoginHomeloan" finished-at="2023-05-05T11:55:25 IST" duration-ms="1" status="PASS">
          <reporter-output>
          </reporter-output>
        </test-method> <!-- MobileLoginHomeloan -->
      </class> <!-- Test.day4 -->
      <class name="Test.day">
        <test-method signature="demo2()[pri:0, instance:Test.day@2e222612]" started-at="2023-05-05T11:55:25 IST" name="demo2" finished-at="2023-05-05T11:55:25 IST" duration-ms="1" status="PASS">
          <reporter-output>
          </reporter-output>
        </test-method> <!-- demo2 -->
      </class> <!-- Test.day -->
    </test> <!-- Personal Loan -->
    <test started-at="2023-05-05T11:55:25 IST" name="Car Loan" finished-at="2023-05-05T11:55:25 IST" duration-ms="3">
      <class name="Test.day3">
        <test-method signature="APILoginCarloan()[pri:0, instance:Test.day3@24fcf36f]" started-at="2023-05-05T11:55:25 IST" name="APILoginCarloan" finished-at="2023-05-05T11:55:25 IST" duration-ms="1" status="PASS">
          <reporter-output>
          </reporter-output>
        </test-method> <!-- APILoginCarloan -->
        <test-method signature="LoginCarLoan()[pri:0, instance:Test.day3@24fcf36f]" started-at="2023-05-05T11:55:25 IST" name="LoginCarLoan" finished-at="2023-05-05T11:55:25 IST" duration-ms="0" status="PASS">
          <reporter-output>
          </reporter-output>
        </test-method> <!-- LoginCarLoan -->
      </class> <!-- Test.day3 -->
    </test> <!-- Car Loan -->
  </suite> <!-- Loan -->
</testng-results>
